[2019-12-22 14:25:17,649] factory.py line:18 [INFO]注册各接口蓝本...
[2019-12-22 14:25:17,654] factory.py line:23 [INFO]注册成功...
[2019-12-22 14:29:19,210] Aticle.py line:36 [INFO]getNameByKind返回
[2019-12-22 14:29:19,216] Aticle.py line:36 [INFO]getNameByKind返回
[2019-12-22 16:26:25,476] factory.py line:18 [INFO]注册各接口蓝本...
[2019-12-22 16:26:25,482] factory.py line:23 [INFO]注册成功...
[2019-12-22 16:26:25,558] factory.py line:18 [INFO]注册各接口蓝本...
[2019-12-22 16:26:25,563] factory.py line:23 [INFO]注册成功...
[2019-12-23 14:25:23,598] Aticle.py line:36 [INFO]getNameByKind返回
[2019-12-23 14:25:23,621] Aticle.py line:36 [INFO]getNameByKind返回
[2019-12-23 14:27:24,148] JobServer.py line:21 [INFO]movie 爬虫启动
[2019-12-23 14:27:53,844] Aticle.py line:36 [INFO]getNameByKind返回
[2019-12-23 14:27:53,865] Aticle.py line:36 [INFO]getNameByKind返回
[2019-12-24 00:15:02,407] movieJob.py line:24 [INFO]——————————————根据tag获取movie数据并且筛选出一部推荐电影————————————
[2019-12-24 00:15:02,424] movieJob.py line:34 [INFO]本次推荐电影的index为5
[2019-12-24 00:15:02,426] movieJob.py line:34 [INFO]本次推荐电影的index为3
[2019-12-24 00:15:02,427] movieJob.py line:39 [INFO]——————————————根据推荐电影的id去获取电影的详细信息——————————————————
[2019-12-24 00:15:02,760] movieJob.py line:43 [INFO]喜剧: 本次推荐 {}
[2019-12-24 00:15:03,075] movieJob.py line:43 [INFO]热门: 本次推荐 {}
[2019-12-24 00:15:03,097] movieJob.py line:61 [INFO]——————————————————把推荐电影插入数据库————————————————
